;  LST file generated by mikroListExporter - v.2.0 
; Date/Time: 20/01/2025 10:11:47
;----------------------------------------------

;Address Opcode 	ASM
0x0000	0x2AD6      	GOTO       726
_interrupt:
0x0004	0x00FF      	MOVWF      R15
0x0005	0x0E03      	SWAPF      STATUS, 0
0x0006	0x0183      	CLRF       STATUS
0x0007	0x00B8      	MOVWF      ___saveSTATUS
0x0008	0x080A      	MOVF       PCLATH, 0
0x0009	0x00B7      	MOVWF      ___savePCLATH
0x000A	0x018A      	CLRF       PCLATH
0x000B	0x0870      	MOVF       R0, 0
0x000C	0x00A5      	MOVWF      37
0x000D	0x0871      	MOVF       R1, 0
0x000E	0x00A4      	MOVWF      36
0x000F	0x0872      	MOVF       R2, 0
0x0010	0x00A3      	MOVWF      35
0x0011	0x0873      	MOVF       R3, 0
0x0012	0x00A2      	MOVWF      34
0x0013	0x0874      	MOVF       R4, 0
0x0014	0x00A1      	MOVWF      33
;AvoidoFinal.c,28 :: 		void interrupt(void){
;AvoidoFinal.c,29 :: 		if (INTCON & 0x04) {  // Timer0 overflow
0x0015	0x1D0B      	BTFSS      INTCON, 2
0x0016	0x281E      	GOTO       L_interrupt0
;AvoidoFinal.c,30 :: 		Counter++;
0x0017	0x0AAA      	INCF       _Counter, 1
0x0018	0x1903      	BTFSC      STATUS, 2
0x0019	0x0AAB      	INCF       _Counter+1, 1
;AvoidoFinal.c,31 :: 		INTCON = INTCON & 0xFB; // Clear the Timer0 overflow flag
0x001A	0x30FB      	MOVLW      251
0x001B	0x058B      	ANDWF      INTCON, 1
;AvoidoFinal.c,32 :: 		TMR0 = 236;             // Reset Timer0 for the next overflow
0x001C	0x30EC      	MOVLW      236
0x001D	0x0081      	MOVWF      TMR0
;AvoidoFinal.c,33 :: 		}
L_interrupt0:
;AvoidoFinal.c,35 :: 		if(INTCON & 0x02){ // Check for external interrupt
0x001E	0x1C8B      	BTFSS      INTCON, 1
0x001F	0x2839      	GOTO       L_interrupt1
;AvoidoFinal.c,36 :: 		PORTC = PORTC & 0x0F;
0x0020	0x300F      	MOVLW      15
0x0021	0x0587      	ANDWF      PORTC, 1
;AvoidoFinal.c,37 :: 		while(!(PORTB & 0x01)){
L_interrupt2:
0x0022	0x1806      	BTFSC      PORTB, 0
0x0023	0x2833      	GOTO       L_interrupt3
;AvoidoFinal.c,38 :: 		PORTA = PORTA | 0x06;
0x0024	0x3006      	MOVLW      6
0x0025	0x0485      	IORWF      PORTA, 1
;AvoidoFinal.c,40 :: 		mydelay_ms(500);
0x0026	0x30F4      	MOVLW      244
0x0027	0x00BC      	MOVWF      FARG_mydelay_ms_ms
0x0028	0x3001      	MOVLW      1
0x0029	0x00BD      	MOVWF      FARG_mydelay_ms_ms+1
0x002A	0x22C4      	CALL       _mydelay_ms
;AvoidoFinal.c,41 :: 		PORTA = PORTA & 0xF9;
0x002B	0x30F9      	MOVLW      249
0x002C	0x0585      	ANDWF      PORTA, 1
;AvoidoFinal.c,43 :: 		mydelay_ms(500);
0x002D	0x30F4      	MOVLW      244
0x002E	0x00BC      	MOVWF      FARG_mydelay_ms_ms
0x002F	0x3001      	MOVLW      1
0x0030	0x00BD      	MOVWF      FARG_mydelay_ms_ms+1
0x0031	0x22C4      	CALL       _mydelay_ms
;AvoidoFinal.c,44 :: 		}
0x0032	0x2822      	GOTO       L_interrupt2
L_interrupt3:
;AvoidoFinal.c,45 :: 		PORTA = PORTA | 0x02;
0x0033	0x1485      	BSF        PORTA, 1
;AvoidoFinal.c,46 :: 		PORTA = PORTA & 0x03;
0x0034	0x3003      	MOVLW      3
0x0035	0x0585      	ANDWF      PORTA, 1
;AvoidoFinal.c,47 :: 		INTCON = INTCON & 0xFD;
0x0036	0x30FD      	MOVLW      253
0x0037	0x058B      	ANDWF      INTCON, 1
;AvoidoFinal.c,48 :: 		}
0x0038	0x285F      	GOTO       L_interrupt4
L_interrupt1:
;AvoidoFinal.c,49 :: 		else if(PIR1 & 0x04) { // CCP1 interrupt
0x0039	0x1D0C      	BTFSS      PIR1, 2
0x003A	0x285D      	GOTO       L_interrupt5
;AvoidoFinal.c,50 :: 		if(!HL){ // High state
0x003B	0x0829      	MOVF       _HL, 0
0x003C	0x1D03      	BTFSS      STATUS, 2
0x003D	0x2845      	GOTO       L_interrupt6
;AvoidoFinal.c,51 :: 		CCPR1H = angle >> 8;
0x003E	0x0196      	CLRF       CCPR1H
;AvoidoFinal.c,52 :: 		CCPR1L = angle;
0x003F	0x0836      	MOVF       _angle, 0
0x0040	0x0095      	MOVWF      CCPR1L
;AvoidoFinal.c,53 :: 		HL = 0; // Switch to low state
0x0041	0x01A9      	CLRF       _HL
;AvoidoFinal.c,54 :: 		CCP1CON = 0x09; // Compare mode, clear output on match
0x0042	0x3009      	MOVLW      9
0x0043	0x0097      	MOVWF      CCP1CON
;AvoidoFinal.c,55 :: 		}
0x0044	0x2858      	GOTO       L_interrupt7
L_interrupt6:
;AvoidoFinal.c,57 :: 		CCPR1H = (40000 - angle) >> 8; // Calculate low state duration
0x0045	0x0836      	MOVF       _angle, 0
0x0046	0x3C40      	SUBLW      64
0x0047	0x00F3      	MOVWF      R3
0x0048	0x3000      	MOVLW      0
0x0049	0x1C03      	BTFSS      STATUS, 0
0x004A	0x3E01      	ADDLW      1
0x004B	0x3C9C      	SUBLW      156
0x004C	0x00F4      	MOVWF      R3+1
0x004D	0x0874      	MOVF       R3+1, 0
0x004E	0x00F0      	MOVWF      R0
0x004F	0x01F1      	CLRF       R0+1
0x0050	0x0870      	MOVF       R0, 0
0x0051	0x0096      	MOVWF      CCPR1H
;AvoidoFinal.c,58 :: 		CCPR1L = (40000 - angle);
0x0052	0x0873      	MOVF       R3, 0
0x0053	0x0095      	MOVWF      CCPR1L
;AvoidoFinal.c,59 :: 		CCP1CON = 0x08; // Compare mode, set output on match
0x0054	0x3008      	MOVLW      8
0x0055	0x0097      	MOVWF      CCP1CON
;AvoidoFinal.c,60 :: 		HL = 1; // Switch to high state
0x0056	0x3001      	MOVLW      1
0x0057	0x00A9      	MOVWF      _HL
;AvoidoFinal.c,61 :: 		}
L_interrupt7:
;AvoidoFinal.c,62 :: 		TMR1H = 0x00;
0x0058	0x018F      	CLRF       TMR1H
;AvoidoFinal.c,63 :: 		TMR1L = 0x00;
0x0059	0x018E      	CLRF       TMR1L
;AvoidoFinal.c,64 :: 		PIR1 = PIR1 & 0xFB; // Clear CCP1 interrupt flag
0x005A	0x30FB      	MOVLW      251
0x005B	0x058C      	ANDWF      PIR1, 1
;AvoidoFinal.c,65 :: 		}
0x005C	0x285F      	GOTO       L_interrupt8
L_interrupt5:
;AvoidoFinal.c,66 :: 		else {INTCON = 0xF0;} // Any other interrupts are not allowed
0x005D	0x30F0      	MOVLW      240
0x005E	0x008B      	MOVWF      INTCON
L_interrupt8:
L_interrupt4:
;AvoidoFinal.c,67 :: 		}
L_end_interrupt:
L__interrupt35:
0x005F	0x0825      	MOVF       37, 0
0x0060	0x00F0      	MOVWF      R0
0x0061	0x0824      	MOVF       36, 0
0x0062	0x00F1      	MOVWF      R1
0x0063	0x0823      	MOVF       35, 0
0x0064	0x00F2      	MOVWF      R2
0x0065	0x0822      	MOVF       34, 0
0x0066	0x00F3      	MOVWF      R3
0x0067	0x0821      	MOVF       33, 0
0x0068	0x00F4      	MOVWF      R4
0x0069	0x0837      	MOVF       ___savePCLATH, 0
0x006A	0x008A      	MOVWF      PCLATH
0x006B	0x0E38      	SWAPF      ___saveSTATUS, 0
0x006C	0x0083      	MOVWF      STATUS
0x006D	0x0EFF      	SWAPF      R15, 1
0x006E	0x0E7F      	SWAPF      R15, 0
0x006F	0x0009      	RETFIE
; end of _interrupt
_RES032:
;__Lib_MathDouble.c,123 :: 		
;__Lib_MathDouble.c,128 :: 		
0x0070	0x01F2      	CLRF       R2
;__Lib_MathDouble.c,129 :: 		
0x0071	0x01F1      	CLRF       R1
;__Lib_MathDouble.c,130 :: 		
0x0072	0x01F0      	CLRF       R0
;__Lib_MathDouble.c,131 :: 		
0x0073	0x01F8      	CLRF       R8
;__Lib_MathDouble.c,132 :: 		
0x0074	0x01F3      	CLRF       R3
;__Lib_MathDouble.c,133 :: 		
0x0075	0x3000      	MOVLW      0
;__Lib_MathDouble.c,135 :: 		
L_end_RES032:
0x0076	0x0008      	RETURN
; end of _RES032
_SETFUN32:
;__Lib_MathDouble.c,138 :: 		
;__Lib_MathDouble.c,145 :: 		
0x0077	0x157B      	BSF        R11, 2
;__Lib_MathDouble.c,146 :: 		
0x0078	0x1FFB      	BTFSS      R11, 7
;__Lib_MathDouble.c,147 :: 		
0x0079	0x2881      	GOTO       SETFUN32EEE
;__Lib_MathDouble.c,148 :: 		
0x007A	0x3001      	MOVLW      1
;__Lib_MathDouble.c,149 :: 		
0x007B	0x00F3      	MOVWF      R3
;__Lib_MathDouble.c,150 :: 		
0x007C	0x01F2      	CLRF       R2
;__Lib_MathDouble.c,151 :: 		
0x007D	0x01F1      	CLRF       R1
;__Lib_MathDouble.c,152 :: 		
0x007E	0x01F0      	CLRF       R0
;__Lib_MathDouble.c,153 :: 		
0x007F	0x0DFA      	RLF        R10, 1
;__Lib_MathDouble.c,154 :: 		
0x0080	0x0CF2      	RRF        R2, 1
;__Lib_MathDouble.c,155 :: 		
SETFUN32EEE:
;__Lib_MathDouble.c,156 :: 		
0x0081	0x30FF      	MOVLW      255
;__Lib_MathDouble.c,158 :: 		
L_end_SETFUN32:
0x0082	0x0008      	RETURN
; end of _SETFUN32
_FIXSIGN32:
;__Lib_MathDouble.c,112 :: 		
;__Lib_MathDouble.c,116 :: 		
0x0083	0x1FFA      	BTFSS      R10, 7
;__Lib_MathDouble.c,117 :: 		
0x0084	0x13F2      	BCF        R2, 7
;__Lib_MathDouble.c,118 :: 		
0x0085	0x3000      	MOVLW      0
;__Lib_MathDouble.c,120 :: 		
L_end_FIXSIGN32:
0x0086	0x0008      	RETURN
; end of _FIXSIGN32
_NRM3232:
;__Lib_MathDouble.c,167 :: 		
;__Lib_MathDouble.c,173 :: 		
;__Lib_MathDouble.c,175 :: 		
0x0087	0x01A0      	CLRF       __math_tempbD
;__Lib_MathDouble.c,176 :: 		
0x0088	0x0872      	MOVF       R2, 0
;__Lib_MathDouble.c,177 :: 		
0x0089	0x1D03      	BTFSS      STATUS, 2
;__Lib_MathDouble.c,178 :: 		
0x008A	0x289C      	GOTO       NORM3232
;__Lib_MathDouble.c,179 :: 		
0x008B	0x0871      	MOVF       R1, 0
;__Lib_MathDouble.c,180 :: 		
0x008C	0x00F2      	MOVWF      R2
;__Lib_MathDouble.c,181 :: 		
0x008D	0x0870      	MOVF       R0, 0
;__Lib_MathDouble.c,182 :: 		
0x008E	0x00F1      	MOVWF      R1
;__Lib_MathDouble.c,183 :: 		
0x008F	0x01F0      	CLRF       R0
;__Lib_MathDouble.c,184 :: 		
0x0090	0x15A0      	BSF        __math_tempbD, 3
;__Lib_MathDouble.c,186 :: 		
0x0091	0x0872      	MOVF       R2, 0
;__Lib_MathDouble.c,187 :: 		
0x0092	0x1D03      	BTFSS      STATUS, 2
;__Lib_MathDouble.c,188 :: 		
0x0093	0x289C      	GOTO       NORM3232
;__Lib_MathDouble.c,189 :: 		
0x0094	0x0871      	MOVF       R1, 0
;__Lib_MathDouble.c,190 :: 		
0x0095	0x00F2      	MOVWF      R2
;__Lib_MathDouble.c,191 :: 		
0x0096	0x01F1      	CLRF       R1
;__Lib_MathDouble.c,192 :: 		
0x0097	0x11A0      	BCF        __math_tempbD, 3
;__Lib_MathDouble.c,193 :: 		
0x0098	0x1620      	BSF        __math_tempbD, 4
;__Lib_MathDouble.c,195 :: 		
0x0099	0x0872      	MOVF       R2, 0
;__Lib_MathDouble.c,196 :: 		
0x009A	0x1903      	BTFSC      STATUS, 2
;__Lib_MathDouble.c,197 :: 		
0x009B	0x28AA      	GOTO       JPNRES032
;__Lib_MathDouble.c,198 :: 		
NORM3232:
;__Lib_MathDouble.c,199 :: 		
0x009C	0x0820      	MOVF       __math_tempbD, 0
;__Lib_MathDouble.c,200 :: 		
0x009D	0x02F3      	SUBWF      R3, 1
;__Lib_MathDouble.c,201 :: 		
0x009E	0x1D03      	BTFSS      STATUS, 2
;__Lib_MathDouble.c,202 :: 		
0x009F	0x1C03      	BTFSS      STATUS, 0
;__Lib_MathDouble.c,203 :: 		
0x00A0	0x28AE      	GOTO       JPNSETFUN32
;__Lib_MathDouble.c,204 :: 		
0x00A1	0x1003      	BCF        STATUS, 0
;__Lib_MathDouble.c,205 :: 		
NORM3232A:
;__Lib_MathDouble.c,206 :: 		
0x00A2	0x1BF2      	BTFSC      R2, 7
;__Lib_MathDouble.c,207 :: 		
0x00A3	0x28B2      	GOTO       JMPNFIXSIGN32
;__Lib_MathDouble.c,208 :: 		
0x00A4	0x0DF0      	RLF        R0, 1
;__Lib_MathDouble.c,209 :: 		
0x00A5	0x0DF1      	RLF        R1, 1
;__Lib_MathDouble.c,210 :: 		
0x00A6	0x0DF2      	RLF        R2, 1
;__Lib_MathDouble.c,211 :: 		
0x00A7	0x0BF3      	DECFSZ     R3, 1
;__Lib_MathDouble.c,212 :: 		
0x00A8	0x28A2      	GOTO       NORM3232A
;__Lib_MathDouble.c,213 :: 		
0x00A9	0x28AE      	GOTO       JPNSETFUN32
;__Lib_MathDouble.c,214 :: 		
JPNRES032:
;__Lib_MathDouble.c,215 :: 		
0x00AA	0x3001      	MOVLW      1
;__Lib_MathDouble.c,216 :: 		
0x00AB	0x00FC      	MOVWF      R12
;__Lib_MathDouble.c,218 :: 		
0x00AC	0x2070      	CALL       _RES032
;__Lib_MathDouble.c,220 :: 		
0x00AD	0x28B5      	GOTO       NORM32EEE
;__Lib_MathDouble.c,221 :: 		
JPNSETFUN32:
;__Lib_MathDouble.c,222 :: 		
0x00AE	0x3002      	MOVLW      2
;__Lib_MathDouble.c,223 :: 		
0x00AF	0x00FC      	MOVWF      R12
;__Lib_MathDouble.c,225 :: 		
0x00B0	0x2077      	CALL       _SETFUN32
;__Lib_MathDouble.c,227 :: 		
0x00B1	0x28B5      	GOTO       NORM32EEE
;__Lib_MathDouble.c,228 :: 		
JMPNFIXSIGN32:
;__Lib_MathDouble.c,229 :: 		
0x00B2	0x3004      	MOVLW      4
;__Lib_MathDouble.c,230 :: 		
0x00B3	0x00FC      	MOVWF      R12
;__Lib_MathDouble.c,232 :: 		
0x00B4	0x2083      	CALL       _FIXSIGN32
;__Lib_MathDouble.c,234 :: 		
NORM32EEE:
;__Lib_MathDouble.c,236 :: 		
L_end_NRM3232:
0x00B5	0x0008      	RETURN
; end of _NRM3232
_SETIOV3224:
;__Lib_MathDouble.c,1000 :: 		
;__Lib_MathDouble.c,1006 :: 		
0x00B6	0x147B      	BSF        R11, 0
;__Lib_MathDouble.c,1007 :: 		
0x00B7	0x1FFB      	BTFSS      R11, 7
;__Lib_MathDouble.c,1008 :: 		
0x00B8	0x28C1      	GOTO       SETIOV3224EEE
;__Lib_MathDouble.c,1010 :: 		
0x00B9	0x01F2      	CLRF       R2
;__Lib_MathDouble.c,1011 :: 		
0x00BA	0x1FFA      	BTFSS      R10, 7
;__Lib_MathDouble.c,1012 :: 		
0x00BB	0x30FF      	MOVLW      255
;__Lib_MathDouble.c,1013 :: 		
0x00BC	0x00F2      	MOVWF      R2
;__Lib_MathDouble.c,1014 :: 		
0x00BD	0x00F1      	MOVWF      R1
;__Lib_MathDouble.c,1015 :: 		
0x00BE	0x00F0      	MOVWF      R0
;__Lib_MathDouble.c,1016 :: 		
0x00BF	0x0DFA      	RLF        R10, 1
;__Lib_MathDouble.c,1017 :: 		
0x00C0	0x0CF2      	RRF        R2, 1
;__Lib_MathDouble.c,1018 :: 		
SETIOV3224EEE:
;__Lib_MathDouble.c,1019 :: 		
0x00C1	0x30FF      	MOVLW      255
;__Lib_MathDouble.c,1021 :: 		
L_end_SETIOV3224:
0x00C2	0x0008      	RETURN
; end of _SETIOV3224
_SETFOV32:
;__Lib_MathDouble.c,79 :: 		
;__Lib_MathDouble.c,86 :: 		
0x00C3	0x14FB      	BSF        R11, 1
;__Lib_MathDouble.c,87 :: 		
0x00C4	0x1FFB      	BTFSS      R11, 7
;__Lib_MathDouble.c,88 :: 		
0x00C5	0x28CD      	GOTO       SETFOV32EEE
;__Lib_MathDouble.c,89 :: 		
0x00C6	0x30FF      	MOVLW      255
;__Lib_MathDouble.c,90 :: 		
0x00C7	0x00F3      	MOVWF      R3
;__Lib_MathDouble.c,91 :: 		
0x00C8	0x00F2      	MOVWF      R2
;__Lib_MathDouble.c,92 :: 		
0x00C9	0x00F1      	MOVWF      R1
;__Lib_MathDouble.c,93 :: 		
0x00CA	0x00F0      	MOVWF      R0
;__Lib_MathDouble.c,94 :: 		
0x00CB	0x0DFA      	RLF        R10, 1
;__Lib_MathDouble.c,95 :: 		
0x00CC	0x0CF2      	RRF        R2, 1
;__Lib_MathDouble.c,96 :: 		
SETFOV32EEE:
;__Lib_MathDouble.c,97 :: 		
0x00CD	0x30FF      	MOVLW      255
;__Lib_MathDouble.c,99 :: 		
L_end_SETFOV32:
0x00CE	0x0008      	RETURN
; end of _SETFOV32
_SETFDZ32:
;__Lib_MathDouble.c,102 :: 		
;__Lib_MathDouble.c,105 :: 		
0x00CF	0x15FB      	BSF        R11, 3
;__Lib_MathDouble.c,106 :: 		
0x00D0	0x30FF      	MOVLW      255
;__Lib_MathDouble.c,108 :: 		
L_end_SETFDZ32:
0x00D1	0x0008      	RETURN
; end of _SETFDZ32
_double2word:
;__Lib_MathDouble.c,1529 :: 		
;__Lib_MathDouble.c,1536 :: 		
0x00D2	0x1283      	BCF        STATUS, 5
;__Lib_MathDouble.c,1537 :: 		
0x00D3	0x1303      	BCF        STATUS, 6
;__Lib_MathDouble.c,1539 :: 		
0x00D4	0x01FB      	CLRF       R11
;__Lib_MathDouble.c,1540 :: 		
0x00D5	0x01FC      	CLRF       R12
;__Lib_MathDouble.c,1541 :: 		
0x00D6	0x01FA      	CLRF       R10
;__Lib_MathDouble.c,1543 :: 		
0x00D7	0x0873      	MOVF       R3, 0
;__Lib_MathDouble.c,1544 :: 		
0x00D8	0x1903      	BTFSC      STATUS, 2
;__Lib_MathDouble.c,1545 :: 		
0x00D9	0x2911      	GOTO       IRES016U
;__Lib_MathDouble.c,1547 :: 		
0x00DA	0x17F2      	BSF        R2, 7
;__Lib_MathDouble.c,1549 :: 		
0x00DB	0x308E      	MOVLW      142
;__Lib_MathDouble.c,1550 :: 		
0x00DC	0x02F3      	SUBWF      R3, 1
;__Lib_MathDouble.c,1551 :: 		
0x00DD	0x1BF3      	BTFSC      R3, 7
;__Lib_MathDouble.c,1552 :: 		
0x00DE	0x28E2      	GOTO       SETEXP16U
;__Lib_MathDouble.c,1553 :: 		
0x00DF	0x1903      	BTFSC      STATUS, 2
;__Lib_MathDouble.c,1554 :: 		
0x00E0	0x28E2      	GOTO       SETEXP16U
;__Lib_MathDouble.c,1555 :: 		
0x00E1	0x2914      	GOTO       SETIOV16U
;__Lib_MathDouble.c,1556 :: 		
SETEXP16U:
;__Lib_MathDouble.c,1557 :: 		
0x00E2	0x09F3      	COMF       R3, 1
;__Lib_MathDouble.c,1558 :: 		
0x00E3	0x0AF3      	INCF       R3, 1
;__Lib_MathDouble.c,1560 :: 		
0x00E4	0x3008      	MOVLW      8
;__Lib_MathDouble.c,1561 :: 		
0x00E5	0x0273      	SUBWF      R3, 0
;__Lib_MathDouble.c,1562 :: 		
0x00E6	0x1C03      	BTFSS      STATUS, 0
;__Lib_MathDouble.c,1563 :: 		
0x00E7	0x28F7      	GOTO       TSHIFT3216U
;__Lib_MathDouble.c,1564 :: 		
0x00E8	0x00F3      	MOVWF      R3
;__Lib_MathDouble.c,1565 :: 		
0x00E9	0x0DF1      	RLF        R1, 1
;__Lib_MathDouble.c,1566 :: 		
0x00EA	0x0872      	MOVF       R2, 0
;__Lib_MathDouble.c,1567 :: 		
0x00EB	0x00F1      	MOVWF      R1
;__Lib_MathDouble.c,1568 :: 		
0x00EC	0x01F2      	CLRF       R2
;__Lib_MathDouble.c,1570 :: 		
0x00ED	0x3008      	MOVLW      8
;__Lib_MathDouble.c,1571 :: 		
0x00EE	0x0273      	SUBWF      R3, 0
;__Lib_MathDouble.c,1572 :: 		
0x00EF	0x1C03      	BTFSS      STATUS, 0
;__Lib_MathDouble.c,1573 :: 		
0x00F0	0x28F7      	GOTO       TSHIFT3216U
;__Lib_MathDouble.c,1574 :: 		
0x00F1	0x0DF1      	RLF        R1, 1
;__Lib_MathDouble.c,1575 :: 		
0x00F2	0x01F1      	CLRF       R1
;__Lib_MathDouble.c,1577 :: 		
0x00F3	0x0873      	MOVF       R3, 0
;__Lib_MathDouble.c,1578 :: 		
0x00F4	0x1D03      	BTFSS      STATUS, 2
;__Lib_MathDouble.c,1579 :: 		
0x00F5	0x1003      	BCF        STATUS, 0
;__Lib_MathDouble.c,1580 :: 		
0x00F6	0x28FF      	GOTO       SHIFT3216UOK
;__Lib_MathDouble.c,1581 :: 		
TSHIFT3216U:
;__Lib_MathDouble.c,1582 :: 		
0x00F7	0x0873      	MOVF       R3, 0
;__Lib_MathDouble.c,1583 :: 		
0x00F8	0x1903      	BTFSC      STATUS, 2
;__Lib_MathDouble.c,1584 :: 		
0x00F9	0x28FF      	GOTO       SHIFT3216UOK
;__Lib_MathDouble.c,1585 :: 		
SHIFT3216U:
;__Lib_MathDouble.c,1586 :: 		
0x00FA	0x1003      	BCF        STATUS, 0
;__Lib_MathDouble.c,1587 :: 		
0x00FB	0x0CF2      	RRF        R2, 1
;__Lib_MathDouble.c,1588 :: 		
0x00FC	0x0CF1      	RRF        R1, 1
;__Lib_MathDouble.c,1589 :: 		
0x00FD	0x0BF3      	DECFSZ     R3, 1
;__Lib_MathDouble.c,1590 :: 		
0x00FE	0x28FA      	GOTO       SHIFT3216U
;__Lib_MathDouble.c,1591 :: 		
SHIFT3216UOK:
;__Lib_MathDouble.c,1592 :: 		
0x00FF	0x1B7B      	BTFSC      R11, 6
;__Lib_MathDouble.c,1593 :: 		
0x0100	0x1C71      	BTFSS      R1, 0
;__Lib_MathDouble.c,1594 :: 		
0x0101	0x2909      	GOTO       INT3216UOK
;__Lib_MathDouble.c,1595 :: 		
0x0102	0x1C03      	BTFSS      STATUS, 0
;__Lib_MathDouble.c,1596 :: 		
0x0103	0x2909      	GOTO       INT3216UOK
;__Lib_MathDouble.c,1597 :: 		
0x0104	0x0AF1      	INCF       R1, 1
;__Lib_MathDouble.c,1598 :: 		
0x0105	0x1903      	BTFSC      STATUS, 2
;__Lib_MathDouble.c,1599 :: 		
0x0106	0x0AF2      	INCF       R2, 1
;__Lib_MathDouble.c,1600 :: 		
0x0107	0x1BF2      	BTFSC      R2, 7
;__Lib_MathDouble.c,1601 :: 		
0x0108	0x2920      	GOTO       JPKSETIOV3224
;__Lib_MathDouble.c,1602 :: 		
INT3216UOK:
;__Lib_MathDouble.c,1603 :: 		
0x0109	0x1FFA      	BTFSS      R10, 7
;__Lib_MathDouble.c,1604 :: 		
0x010A	0x2923      	GOTO       INT3216UEOK
;__Lib_MathDouble.c,1606 :: 		
0x010B	0x09F2      	COMF       R2, 1
;__Lib_MathDouble.c,1607 :: 		
0x010C	0x09F1      	COMF       R1, 1
;__Lib_MathDouble.c,1608 :: 		
0x010D	0x0AF1      	INCF       R1, 1
;__Lib_MathDouble.c,1609 :: 		
0x010E	0x1903      	BTFSC      STATUS, 2
;__Lib_MathDouble.c,1610 :: 		
0x010F	0x0AF2      	INCF       R2, 1
;__Lib_MathDouble.c,1611 :: 		
0x0110	0x2923      	GOTO       INT3216UEOK
;__Lib_MathDouble.c,1613 :: 		
IRES016U:
;__Lib_MathDouble.c,1614 :: 		
0x0111	0x01F2      	CLRF       R2
;__Lib_MathDouble.c,1615 :: 		
0x0112	0x01F1      	CLRF       R1
;__Lib_MathDouble.c,1616 :: 		
0x0113	0x2923      	GOTO       INT3216UEOK
;__Lib_MathDouble.c,1617 :: 		
SETIOV16U:
;__Lib_MathDouble.c,1618 :: 		
0x0114	0x147B      	BSF        R11, 0
;__Lib_MathDouble.c,1619 :: 		
0x0115	0x1FFB      	BTFSS      R11, 7
;__Lib_MathDouble.c,1620 :: 		
0x0116	0x2926      	GOTO       INT3216UEER
;__Lib_MathDouble.c,1622 :: 		
0x0117	0x01F2      	CLRF       R2
;__Lib_MathDouble.c,1623 :: 		
0x0118	0x1FFA      	BTFSS      R10, 7
;__Lib_MathDouble.c,1624 :: 		
0x0119	0x2926      	GOTO       INT3216UEER
;__Lib_MathDouble.c,1625 :: 		
0x011A	0x30FF      	MOVLW      255
;__Lib_MathDouble.c,1626 :: 		
0x011B	0x00F2      	MOVWF      R2
;__Lib_MathDouble.c,1627 :: 		
0x011C	0x00F1      	MOVWF      R1
;__Lib_MathDouble.c,1628 :: 		
0x011D	0x0DFA      	RLF        R10, 1
;__Lib_MathDouble.c,1629 :: 		
0x011E	0x0CF2      	RRF        R2, 1
;__Lib_MathDouble.c,1630 :: 		
0x011F	0x2926      	GOTO       INT3216UEER
;__Lib_MathDouble.c,1632 :: 		
JPKSETIOV3224:
;__Lib_MathDouble.c,1633 :: 		
0x0120	0x3001      	MOVLW      1
;__Lib_MathDouble.c,1634 :: 		
0x0121	0x00FC      	MOVWF      R12
;__Lib_MathDouble.c,1635 :: 		
0x0122	0x2928      	GOTO       INT3216UEEE
;__Lib_MathDouble.c,1636 :: 		
INT3216UEOK:
;__Lib_MathDouble.c,1637 :: 		
0x0123	0x3000      	MOVLW      0
;__Lib_MathDouble.c,1638 :: 		
0x0124	0x00FC      	MOVWF      R12
;__Lib_MathDouble.c,1639 :: 		
0x0125	0x2928      	GOTO       INT3216UEEE
;__Lib_MathDouble.c,1640 :: 		
INT3216UEER:
;__Lib_MathDouble.c,1641 :: 		
0x0126	0x30FF      	MOVLW      255
;__Lib_MathDouble.c,1642 :: 		
0x0127	0x00FC      	MOVWF      R12
;__Lib_MathDouble.c,1643 :: 		
INT3216UEEE:
;__Lib_MathDouble.c,1646 :: 		
0x0128	0x08FC      	MOVF       R12, 1
;__Lib_MathDouble.c,1648 :: 		
0x0129	0x1903      	BTFSC      STATUS, 2
;__Lib_MathDouble.c,1649 :: 		
0x012A	0x292C      	GOTO       L_Double2Word_0
;__Lib_MathDouble.c,1651 :: 		
0x012B	0x20B6      	CALL       _SETIOV3224
;__Lib_MathDouble.c,1653 :: 		
L_Double2Word_0:
;__Lib_MathDouble.c,1654 :: 		
0x012C	0x0871      	MOVF       R1, 0
;__Lib_MathDouble.c,1655 :: 		
0x012D	0x00F0      	MOVWF      R0
;__Lib_MathDouble.c,1656 :: 		
0x012E	0x0872      	MOVF       R2, 0
;__Lib_MathDouble.c,1657 :: 		
0x012F	0x00F1      	MOVWF      R1
;__Lib_MathDouble.c,1660 :: 		
L_end_double2word:
0x0130	0x0008      	RETURN
; end of _double2word
_delay10us:
;AvoidoFinal.c,222 :: 		void delay10us(void){
;AvoidoFinal.c,224 :: 		for(i = 0; i < 10; i++){
0x0131	0x1283      	BCF        STATUS, 5
0x0132	0x1303      	BCF        STATUS, 6
0x0133	0x01F1      	CLRF       R1
L_delay10us31:
0x0134	0x300A      	MOVLW      10
0x0135	0x0271      	SUBWF      R1, 0
0x0136	0x1803      	BTFSC      STATUS, 0
0x0137	0x293C      	GOTO       L_delay10us32
;AvoidoFinal.c,225 :: 		asm NOP;
0x0138	0x0000      	NOP
;AvoidoFinal.c,226 :: 		asm NOP;
0x0139	0x0000      	NOP
;AvoidoFinal.c,224 :: 		for(i = 0; i < 10; i++){
0x013A	0x0AF1      	INCF       R1, 1
;AvoidoFinal.c,227 :: 		}
0x013B	0x2934      	GOTO       L_delay10us31
L_delay10us32:
;AvoidoFinal.c,228 :: 		}
L_end_delay10us:
0x013C	0x0008      	RETURN
; end of _delay10us
_Div_32x32_FP:
;__Lib_MathDouble.c,761 :: 		
;__Lib_MathDouble.c,773 :: 		
;__Lib_MathDouble.c,776 :: 		
0x013D	0x1283      	BCF        STATUS, 5
0x013E	0x1303      	BCF        STATUS, 6
0x013F	0x0874      	MOVF       R4, 0
0x0140	0x3A00      	XORLW      0
0x0141	0x1D03      	BTFSS      STATUS, 2
0x0142	0x2958      	GOTO       L_Div_32x32_FP7
;__Lib_MathDouble.c,777 :: 		
0x0143	0x0875      	MOVF       R5, 0
0x0144	0x3A00      	XORLW      0
0x0145	0x1D03      	BTFSS      STATUS, 2
0x0146	0x2958      	GOTO       L_Div_32x32_FP8
;__Lib_MathDouble.c,778 :: 		
0x0147	0x0876      	MOVF       R6, 0
0x0148	0x3A00      	XORLW      0
0x0149	0x1D03      	BTFSS      STATUS, 2
0x014A	0x2958      	GOTO       L_Div_32x32_FP9
;__Lib_MathDouble.c,779 :: 		
0x014B	0x0877      	MOVF       R7, 0
0x014C	0x3A00      	XORLW      0
0x014D	0x1D03      	BTFSS      STATUS, 2
0x014E	0x2958      	GOTO       L_Div_32x32_FP10
;__Lib_MathDouble.c,780 :: 		
0x014F	0x30FF      	MOVLW      255
0x0150	0x00F0      	MOVWF      R0
;__Lib_MathDouble.c,781 :: 		
0x0151	0x30FF      	MOVLW      255
0x0152	0x00F1      	MOVWF      R1
;__Lib_MathDouble.c,782 :: 		
0x0153	0x307F      	MOVLW      127
0x0154	0x00F2      	MOVWF      R2
;__Lib_MathDouble.c,783 :: 		
0x0155	0x30FF      	MOVLW      255
0x0156	0x00F3      	MOVWF      R3
;__Lib_MathDouble.c,784 :: 		
0x0157	0x29F3      	GOTO       L_end_Div_32x32_FP
;__Lib_MathDouble.c,785 :: 		
L_Div_32x32_FP10:
L_Div_32x32_FP9:
L_Div_32x32_FP8:
L_Div_32x32_FP7:
;__Lib_MathDouble.c,788 :: 		
0x0158	0x1283      	BCF        STATUS, 5
;__Lib_MathDouble.c,789 :: 		
0x0159	0x1303      	BCF        STATUS, 6
;__Lib_MathDouble.c,791 :: 		
0x015A	0x0877      	MOVF       R7, 0
;__Lib_MathDouble.c,792 :: 		
0x015B	0x1903      	BTFSC      STATUS, 2
;__Lib_MathDouble.c,793 :: 		
0x015C	0x29E7      	GOTO       JPDSETFDZ32
;__Lib_MathDouble.c,795 :: 		
0x015D	0x0873      	MOVF       R3, 0
;__Lib_MathDouble.c,796 :: 		
0x015E	0x1903      	BTFSC      STATUS, 2
;__Lib_MathDouble.c,797 :: 		
0x015F	0x29EA      	GOTO       JPDRES032
;__Lib_MathDouble.c,799 :: 		
0x0160	0x0872      	MOVF       R2, 0
;__Lib_MathDouble.c,800 :: 		
0x0161	0x0676      	XORWF      R6, 0
;__Lib_MathDouble.c,801 :: 		
0x0162	0x3980      	ANDLW      128
;__Lib_MathDouble.c,802 :: 		
0x0163	0x00FA      	MOVWF      R10
;__Lib_MathDouble.c,803 :: 		
0x0164	0x17F2      	BSF        R2, 7
;__Lib_MathDouble.c,804 :: 		
0x0165	0x17F6      	BSF        R6, 7
;__Lib_MathDouble.c,806 :: 		
0x0166	0x01A0      	CLRF       __math_tempbD
;__Lib_MathDouble.c,807 :: 		
0x0167	0x0872      	MOVF       R2, 0
;__Lib_MathDouble.c,808 :: 		
0x0168	0x00F8      	MOVWF      R8
;__Lib_MathDouble.c,809 :: 		
0x0169	0x0871      	MOVF       R1, 0
;__Lib_MathDouble.c,810 :: 		
0x016A	0x00FC      	MOVWF      R12
;__Lib_MathDouble.c,811 :: 		
0x016B	0x0870      	MOVF       R0, 0
;__Lib_MathDouble.c,812 :: 		
0x016C	0x00FD      	MOVWF      R13
;__Lib_MathDouble.c,814 :: 		
0x016D	0x0874      	MOVF       R4, 0
;__Lib_MathDouble.c,815 :: 		
0x016E	0x02FD      	SUBWF      R13, 1
;__Lib_MathDouble.c,816 :: 		
0x016F	0x0875      	MOVF       R5, 0
;__Lib_MathDouble.c,817 :: 		
0x0170	0x1C03      	BTFSS      STATUS, 0
;__Lib_MathDouble.c,818 :: 		
0x0171	0x0F75      	INCFSZ     R5, 0
;__Lib_MathDouble.c,820 :: 		
0x0172	0x02FC      	SUBWF      R12, 1
;__Lib_MathDouble.c,821 :: 		
0x0173	0x0876      	MOVF       R6, 0
;__Lib_MathDouble.c,822 :: 		
0x0174	0x1C03      	BTFSS      STATUS, 0
;__Lib_MathDouble.c,823 :: 		
0x0175	0x0F76      	INCFSZ     R6, 0
;__Lib_MathDouble.c,825 :: 		
0x0176	0x02F8      	SUBWF      R8, 1
;__Lib_MathDouble.c,826 :: 		
0x0177	0x01F8      	CLRF       R8
;__Lib_MathDouble.c,827 :: 		
0x0178	0x01FC      	CLRF       R12
;__Lib_MathDouble.c,828 :: 		
0x0179	0x01FD      	CLRF       R13
;__Lib_MathDouble.c,829 :: 		
0x017A	0x1C03      	BTFSS      STATUS, 0
;__Lib_MathDouble.c,830 :: 		
0x017B	0x2983      	GOTO       DALIGN32OK
;__Lib_MathDouble.c,832 :: 		
0x017C	0x1003      	BCF        STATUS, 0
;__Lib_MathDouble.c,833 :: 		
0x017D	0x0CF2      	RRF        R2, 1
;__Lib_MathDouble.c,834 :: 		
0x017E	0x0CF1      	RRF        R1, 1
;__Lib_MathDouble.c,835 :: 		
0x017F	0x0CF0      	RRF        R0, 1
;__Lib_MathDouble.c,836 :: 		
0x0180	0x0CF8      	RRF        R8, 1
;__Lib_MathDouble.c,837 :: 		
0x0181	0x3001      	MOVLW      1
;__Lib_MathDouble.c,838 :: 		
0x0182	0x00A0      	MOVWF      __math_tempbD
;__Lib_MathDouble.c,839 :: 		
DALIGN32OK:
;__Lib_MathDouble.c,840 :: 		
0x0183	0x0877      	MOVF       R7, 0
;__Lib_MathDouble.c,841 :: 		
0x0184	0x02F3      	SUBWF      R3, 1
;__Lib_MathDouble.c,842 :: 		
0x0185	0x1C03      	BTFSS      STATUS, 0
;__Lib_MathDouble.c,843 :: 		
0x0186	0x298D      	GOTO       ALTB32
;__Lib_MathDouble.c,845 :: 		
0x0187	0x307E      	MOVLW      126
;__Lib_MathDouble.c,846 :: 		
0x0188	0x0720      	ADDWF      __math_tempbD, 0
;__Lib_MathDouble.c,847 :: 		
0x0189	0x07F3      	ADDWF      R3, 1
;__Lib_MathDouble.c,848 :: 		
0x018A	0x1803      	BTFSC      STATUS, 0
;__Lib_MathDouble.c,849 :: 		
0x018B	0x29ED      	GOTO       JPDSETFOV32
;__Lib_MathDouble.c,850 :: 		
0x018C	0x2992      	GOTO       DARGOK32
;__Lib_MathDouble.c,851 :: 		
ALTB32:
;__Lib_MathDouble.c,852 :: 		
0x018D	0x307E      	MOVLW      126
;__Lib_MathDouble.c,853 :: 		
0x018E	0x0720      	ADDWF      __math_tempbD, 0
;__Lib_MathDouble.c,854 :: 		
0x018F	0x07F3      	ADDWF      R3, 1
;__Lib_MathDouble.c,855 :: 		
0x0190	0x1C03      	BTFSS      STATUS, 0
;__Lib_MathDouble.c,856 :: 		
0x0191	0x29F0      	GOTO       JPDSETFUN32
;__Lib_MathDouble.c,857 :: 		
DARGOK32:
;__Lib_MathDouble.c,858 :: 		
0x0192	0x3018      	MOVLW      24
;__Lib_MathDouble.c,860 :: 		
0x0193	0x07FA      	ADDWF      R10, 1
;__Lib_MathDouble.c,861 :: 		
DLOOP32:
;__Lib_MathDouble.c,862 :: 		
0x0194	0x0DFD      	RLF        R13, 1
;__Lib_MathDouble.c,863 :: 		
0x0195	0x0DFC      	RLF        R12, 1
;__Lib_MathDouble.c,864 :: 		
0x0196	0x0DF8      	RLF        R8, 1
;__Lib_MathDouble.c,865 :: 		
0x0197	0x0DF0      	RLF        R0, 1
;__Lib_MathDouble.c,866 :: 		
0x0198	0x0DF1      	RLF        R1, 1
;__Lib_MathDouble.c,867 :: 		
0x0199	0x0DF2      	RLF        R2, 1
;__Lib_MathDouble.c,868 :: 		
0x019A	0x0DA0      	RLF        __math_tempbD, 1
;__Lib_MathDouble.c,870 :: 		
0x019B	0x0874      	MOVF       R4, 0
;__Lib_MathDouble.c,871 :: 		
0x019C	0x02F0      	SUBWF      R0, 1
;__Lib_MathDouble.c,872 :: 		
0x019D	0x0875      	MOVF       R5, 0
;__Lib_MathDouble.c,873 :: 		
0x019E	0x1C03      	BTFSS      STATUS, 0
;__Lib_MathDouble.c,874 :: 		
0x019F	0x0F75      	INCFSZ     R5, 0
;__Lib_MathDouble.c,876 :: 		
0x01A0	0x02F1      	SUBWF      R1, 1
;__Lib_MathDouble.c,877 :: 		
0x01A1	0x0876      	MOVF       R6, 0
;__Lib_MathDouble.c,878 :: 		
0x01A2	0x1C03      	BTFSS      STATUS, 0
;__Lib_MathDouble.c,879 :: 		
0x01A3	0x0F76      	INCFSZ     R6, 0
;__Lib_MathDouble.c,881 :: 		
0x01A4	0x02F2      	SUBWF      R2, 1
;__Lib_MathDouble.c,882 :: 		
0x01A5	0x0D76      	RLF        R6, 0
;__Lib_MathDouble.c,883 :: 		
0x01A6	0x04A0      	IORWF      __math_tempbD, 1
;__Lib_MathDouble.c,884 :: 		
0x01A7	0x1C20      	BTFSS      __math_tempbD, 0
;__Lib_MathDouble.c,885 :: 		
0x01A8	0x29AB      	GOTO       DREST32
;__Lib_MathDouble.c,886 :: 		
0x01A9	0x147D      	BSF        R13, 0
;__Lib_MathDouble.c,887 :: 		
0x01AA	0x29B6      	GOTO       DOK32
;__Lib_MathDouble.c,888 :: 		
DREST32:
;__Lib_MathDouble.c,889 :: 		
0x01AB	0x0874      	MOVF       R4, 0
;__Lib_MathDouble.c,890 :: 		
0x01AC	0x07F0      	ADDWF      R0, 1
;__Lib_MathDouble.c,891 :: 		
0x01AD	0x0875      	MOVF       R5, 0
;__Lib_MathDouble.c,892 :: 		
0x01AE	0x1803      	BTFSC      STATUS, 0
;__Lib_MathDouble.c,893 :: 		
0x01AF	0x0F75      	INCFSZ     R5, 0
;__Lib_MathDouble.c,895 :: 		
0x01B0	0x07F1      	ADDWF      R1, 1
;__Lib_MathDouble.c,896 :: 		
0x01B1	0x0876      	MOVF       R6, 0
;__Lib_MathDouble.c,897 :: 		
0x01B2	0x1803      	BTFSC      STATUS, 0
;__Lib_MathDouble.c,898 :: 		
0x01B3	0x0A76      	INCF       R6, 0
;__Lib_MathDouble.c,899 :: 		
0x01B4	0x07F2      	ADDWF      R2, 1
;__Lib_MathDouble.c,900 :: 		
0x01B5	0x107D      	BCF        R13, 0
;__Lib_MathDouble.c,901 :: 		
DOK32:
;__Lib_MathDouble.c,903 :: 		
0x01B6	0x03FA      	DECF       R10, 1
;__Lib_MathDouble.c,904 :: 		
0x01B7	0x301F      	MOVLW      31
;__Lib_MathDouble.c,905 :: 		
0x01B8	0x057A      	ANDWF      R10, 0
;__Lib_MathDouble.c,906 :: 		
0x01B9	0x1D03      	BTFSS      STATUS, 2
;__Lib_MathDouble.c,907 :: 		
0x01BA	0x2994      	GOTO       DLOOP32
;__Lib_MathDouble.c,909 :: 		
0x01BB	0x1B7B      	BTFSC      R11, 6
;__Lib_MathDouble.c,910 :: 		
0x01BC	0x1C7D      	BTFSS      R13, 0
;__Lib_MathDouble.c,911 :: 		
0x01BD	0x29DD      	GOTO       DIV32OK
;__Lib_MathDouble.c,912 :: 		
0x01BE	0x1003      	BCF        STATUS, 0
;__Lib_MathDouble.c,913 :: 		
0x01BF	0x0DF0      	RLF        R0, 1
;__Lib_MathDouble.c,914 :: 		
0x01C0	0x0DF1      	RLF        R1, 1
;__Lib_MathDouble.c,915 :: 		
0x01C1	0x0DF2      	RLF        R2, 1
;__Lib_MathDouble.c,916 :: 		
0x01C2	0x0DA0      	RLF        __math_tempbD, 1
;__Lib_MathDouble.c,918 :: 		
0x01C3	0x0874      	MOVF       R4, 0
;__Lib_MathDouble.c,919 :: 		
0x01C4	0x02F0      	SUBWF      R0, 1
;__Lib_MathDouble.c,920 :: 		
0x01C5	0x0875      	MOVF       R5, 0
;__Lib_MathDouble.c,921 :: 		
0x01C6	0x1C03      	BTFSS      STATUS, 0
;__Lib_MathDouble.c,922 :: 		
0x01C7	0x0F75      	INCFSZ     R5, 0
;__Lib_MathDouble.c,923 :: 		
0x01C8	0x02F1      	SUBWF      R1, 1
;__Lib_MathDouble.c,924 :: 		
0x01C9	0x0876      	MOVF       R6, 0
;__Lib_MathDouble.c,925 :: 		
0x01CA	0x1C03      	BTFSS      STATUS, 0
;__Lib_MathDouble.c,926 :: 		
0x01CB	0x0F76      	INCFSZ     R6, 0
;__Lib_MathDouble.c,927 :: 		
0x01CC	0x02F2      	SUBWF      R2, 1
;__Lib_MathDouble.c,928 :: 		
0x01CD	0x0D76      	RLF        R6, 0
;__Lib_MathDouble.c,929 :: 		
0x01CE	0x0420      	IORWF      __math_tempbD, 0
;__Lib_MathDouble.c,930 :: 		
0x01CF	0x3901      	ANDLW      1
;__Lib_MathDouble.c,931 :: 		
0x01D0	0x07FD      	ADDWF      R13, 1
;__Lib_MathDouble.c,932 :: 		
0x01D1	0x1803      	BTFSC      STATUS, 0
;__Lib_MathDouble.c,933 :: 		
0x01D2	0x0AFC      	INCF       R12, 1
;__Lib_MathDouble.c,934 :: 		
0x01D3	0x1903      	BTFSC      STATUS, 2
;__Lib_MathDouble.c,935 :: 		
0x01D4	0x0AF8      	INCF       R8, 1
;__Lib_MathDouble.c,936 :: 		
0x01D5	0x1D03      	BTFSS      STATUS, 2
;__Lib_MathDouble.c,937 :: 		
0x01D6	0x29DD      	GOTO       DIV32OK
;__Lib_MathDouble.c,938 :: 		
0x01D7	0x0CF8      	RRF        R8, 1
;__Lib_MathDouble.c,939 :: 		
0x01D8	0x0CFC      	RRF        R12, 1
;__Lib_MathDouble.c,940 :: 		
0x01D9	0x0CFD      	RRF        R13, 1
;__Lib_MathDouble.c,941 :: 		
0x01DA	0x0AF3      	INCF       R3, 1
;__Lib_MathDouble.c,942 :: 		
0x01DB	0x1903      	BTFSC      STATUS, 2
;__Lib_MathDouble.c,943 :: 		
0x01DC	0x29ED      	GOTO       JPDSETFOV32
;__Lib_MathDouble.c,944 :: 		
DIV32OK:
;__Lib_MathDouble.c,945 :: 		
0x01DD	0x1FFA      	BTFSS      R10, 7
;__Lib_MathDouble.c,946 :: 		
0x01DE	0x13F8      	BCF        R8, 7
;__Lib_MathDouble.c,947 :: 		
0x01DF	0x0878      	MOVF       R8, 0
;__Lib_MathDouble.c,948 :: 		
0x01E0	0x00F2      	MOVWF      R2
;__Lib_MathDouble.c,949 :: 		
0x01E1	0x087C      	MOVF       R12, 0
;__Lib_MathDouble.c,950 :: 		
0x01E2	0x00F1      	MOVWF      R1
;__Lib_MathDouble.c,951 :: 		
0x01E3	0x087D      	MOVF       R13, 0
;__Lib_MathDouble.c,952 :: 		
0x01E4	0x00F0      	MOVWF      R0
;__Lib_MathDouble.c,954 :: 		
0x01E5	0x3000      	MOVLW      0
;__Lib_MathDouble.c,956 :: 		
0x01E6	0x29F2      	GOTO       DIV32EEE
;__Lib_MathDouble.c,957 :: 		
JPDSETFDZ32:
;__Lib_MathDouble.c,958 :: 		
0x01E7	0x3001      	MOVLW      1
;__Lib_MathDouble.c,961 :: 		
0x01E8	0x20CF      	CALL       _SETFDZ32
;__Lib_MathDouble.c,963 :: 		
0x01E9	0x29F2      	GOTO       DIV32EEE
;__Lib_MathDouble.c,964 :: 		
JPDRES032:
;__Lib_MathDouble.c,965 :: 		
0x01EA	0x3002      	MOVLW      2
;__Lib_MathDouble.c,968 :: 		
0x01EB	0x2070      	CALL       _RES032
;__Lib_MathDouble.c,970 :: 		
0x01EC	0x29F2      	GOTO       DIV32EEE
;__Lib_MathDouble.c,971 :: 		
JPDSETFOV32:
;__Lib_MathDouble.c,972 :: 		
0x01ED	0x3004      	MOVLW      4
;__Lib_MathDouble.c,975 :: 		
0x01EE	0x20C3      	CALL       _SETFOV32
;__Lib_MathDouble.c,977 :: 		
0x01EF	0x29F2      	GOTO       DIV32EEE
;__Lib_MathDouble.c,978 :: 		
JPDSETFUN32:
;__Lib_MathDouble.c,979 :: 		
0x01F0	0x3008      	MOVLW      8
;__Lib_MathDouble.c,982 :: 		
0x01F1	0x2077      	CALL       _SETFUN32
;__Lib_MathDouble.c,984 :: 		
DIV32EEE:
;__Lib_MathDouble.c,985 :: 		
0x01F2	0x0000      	NOP
;__Lib_MathDouble.c,994 :: 		
L_end_Div_32x32_FP:
0x01F3	0x0008      	RETURN
; end of _Div_32x32_FP
_____DoICP:
;__Lib_System.c,6 :: 		
;__Lib_System.c,9 :: 		
0x01F4	0x1283      	BCF        STATUS, 5
0x01F5	0x1303      	BCF        STATUS, 6
0x01F6	0x0828      	MOVF       ___DoICPAddr+1, 0
0x01F7	0x008A      	MOVWF      PCLATH
;__Lib_System.c,10 :: 		
0x01F8	0x0827      	MOVF       ___DoICPAddr, 0
0x01F9	0x0082      	MOVWF      PCL
;__Lib_System.c,12 :: 		
L_end_____DoICP:
0x01FA	0x0008      	RETURN
; end of _____DoICP
_word2double:
;__Lib_MathDouble.c,1862 :: 		
;__Lib_MathDouble.c,1868 :: 		
0x01FB	0x1283      	BCF        STATUS, 5
;__Lib_MathDouble.c,1869 :: 		
0x01FC	0x1303      	BCF        STATUS, 6
;__Lib_MathDouble.c,1870 :: 		
0x01FD	0x0870      	MOVF       R0, 0
;__Lib_MathDouble.c,1871 :: 		
0x01FE	0x00F8      	MOVWF      R8
;__Lib_MathDouble.c,1872 :: 		
0x01FF	0x0871      	MOVF       R1, 0
;__Lib_MathDouble.c,1873 :: 		
0x0200	0x00F0      	MOVWF      R0
;__Lib_MathDouble.c,1874 :: 		
0x0201	0x01F1      	CLRF       R1
;__Lib_MathDouble.c,1875 :: 		
0x0202	0x01F2      	CLRF       R2
;__Lib_MathDouble.c,1876 :: 		
0x0203	0x01F3      	CLRF       R3
;__Lib_MathDouble.c,1879 :: 		
0x0204	0x01FB      	CLRF       R11
;__Lib_MathDouble.c,1880 :: 		
0x0205	0x01FC      	CLRF       R12
;__Lib_MathDouble.c,1882 :: 		
0x0206	0x3096      	MOVLW      150
;__Lib_MathDouble.c,1883 :: 		
0x0207	0x00F3      	MOVWF      R3
;__Lib_MathDouble.c,1884 :: 		
0x0208	0x01FA      	CLRF       R10
;__Lib_MathDouble.c,1886 :: 		
0x0209	0x0870      	MOVF       R0, 0
;__Lib_MathDouble.c,1887 :: 		
0x020A	0x00F1      	MOVWF      R1
;__Lib_MathDouble.c,1888 :: 		
0x020B	0x0878      	MOVF       R8, 0
;__Lib_MathDouble.c,1889 :: 		
0x020C	0x00F0      	MOVWF      R0
;__Lib_MathDouble.c,1890 :: 		
0x020D	0x01F8      	CLRF       R8
;__Lib_MathDouble.c,1891 :: 		
0x020E	0x01F2      	CLRF       R2
;__Lib_MathDouble.c,1893 :: 		
0x020F	0x2087      	CALL       _NRM3232
;__Lib_MathDouble.c,1894 :: 		
L_end_word2double:
0x0210	0x0008      	RETURN
; end of _word2double
_goRight:
;AvoidoFinal.c,192 :: 		void goRight(void){
;AvoidoFinal.c,193 :: 		PORTC = 0x50; // Enable right backward and left forward
0x0211	0x3050      	MOVLW      80
0x0212	0x1283      	BCF        STATUS, 5
0x0213	0x1303      	BCF        STATUS, 6
0x0214	0x0087      	MOVWF      PORTC
;AvoidoFinal.c,194 :: 		}
L_end_goRight:
0x0215	0x0008      	RETURN
; end of _goRight
_goLeft:
;AvoidoFinal.c,197 :: 		void goLeft(void){
;AvoidoFinal.c,198 :: 		PORTC = 0xA0; // Enable left backward and right forward
0x0216	0x30A0      	MOVLW      160
0x0217	0x1283      	BCF        STATUS, 5
0x0218	0x1303      	BCF        STATUS, 6
0x0219	0x0087      	MOVWF      PORTC
;AvoidoFinal.c,199 :: 		}
L_end_goLeft:
0x021A	0x0008      	RETURN
; end of _goLeft
_ADCread:
;AvoidoFinal.c,121 :: 		unsigned int ADCread(void){
;AvoidoFinal.c,122 :: 		ADCON0 = ADCON0 | 0x04; // GO
0x021B	0x1283      	BCF        STATUS, 5
0x021C	0x1303      	BCF        STATUS, 6
0x021D	0x151F      	BSF        ADCON0, 2
;AvoidoFinal.c,123 :: 		while(ADCON0 & 0x04);
L_ADCread19:
0x021E	0x1D1F      	BTFSS      ADCON0, 2
0x021F	0x2A21      	GOTO       L_ADCread20
0x0220	0x2A1E      	GOTO       L_ADCread19
L_ADCread20:
;AvoidoFinal.c,125 :: 		return ((ADRESH << 8) | ADRESL);
0x0221	0x081E      	MOVF       ADRESH, 0
0x0222	0x00F1      	MOVWF      R0+1
0x0223	0x01F0      	CLRF       R0
0x0224	0x1683      	BSF        STATUS, 5
0x0225	0x081E      	MOVF       ADRESL, 0
0x0226	0x04F0      	IORWF      R0, 1
0x0227	0x3000      	MOVLW      0
0x0228	0x04F1      	IORWF      R0+1, 1
;AvoidoFinal.c,126 :: 		}
L_end_ADCread:
0x0229	0x0008      	RETURN
; end of _ADCread
_goForward:
;AvoidoFinal.c,187 :: 		void goForward(void){
;AvoidoFinal.c,188 :: 		PORTC = 0x90; // Enable left and right forward
0x022A	0x3090      	MOVLW      144
0x022B	0x1283      	BCF        STATUS, 5
0x022C	0x1303      	BCF        STATUS, 6
0x022D	0x0087      	MOVWF      PORTC
;AvoidoFinal.c,189 :: 		}
L_end_goForward:
0x022E	0x0008      	RETURN
; end of _goForward
_Div_16X16_U:
;__Lib_Math.c,215 :: 		
;__Lib_Math.c,222 :: 		
0x022F	0x1283      	BCF        STATUS, 5
;__Lib_Math.c,223 :: 		
0x0230	0x1303      	BCF        STATUS, 6
;__Lib_Math.c,224 :: 		
0x0231	0x01F8      	CLRF       R8
;__Lib_Math.c,225 :: 		
0x0232	0x01F9      	CLRF       R9
;__Lib_Math.c,226 :: 		
0x0233	0x3010      	MOVLW      16
;__Lib_Math.c,227 :: 		
0x0234	0x00FC      	MOVWF      R12
;__Lib_Math.c,228 :: 		
0x0235	0x0D71      	RLF        R1, 0
;__Lib_Math.c,229 :: 		
0x0236	0x0DF8      	RLF        R8, 1
;__Lib_Math.c,230 :: 		
0x0237	0x0DF9      	RLF        R9, 1
;__Lib_Math.c,231 :: 		
0x0238	0x0874      	MOVF       R4, 0
;__Lib_Math.c,232 :: 		
0x0239	0x02F8      	SUBWF      R8, 1
;__Lib_Math.c,233 :: 		
0x023A	0x0875      	MOVF       R5, 0
;__Lib_Math.c,234 :: 		
0x023B	0x1C03      	BTFSS      STATUS, 0
;__Lib_Math.c,235 :: 		
0x023C	0x0F75      	INCFSZ     R5, 0
;__Lib_Math.c,236 :: 		
0x023D	0x02F9      	SUBWF      R9, 1
;__Lib_Math.c,237 :: 		
0x023E	0x1803      	BTFSC      STATUS, 0
;__Lib_Math.c,238 :: 		
0x023F	0x2A47      	GOTO       $+8
;__Lib_Math.c,239 :: 		
0x0240	0x0874      	MOVF       R4, 0
;__Lib_Math.c,240 :: 		
0x0241	0x07F8      	ADDWF      R8, 1
;__Lib_Math.c,241 :: 		
0x0242	0x0875      	MOVF       R5, 0
;__Lib_Math.c,242 :: 		
0x0243	0x1803      	BTFSC      STATUS, 0
;__Lib_Math.c,243 :: 		
0x0244	0x0F75      	INCFSZ     R5, 0
;__Lib_Math.c,244 :: 		
0x0245	0x07F9      	ADDWF      R9, 1
;__Lib_Math.c,245 :: 		
0x0246	0x1003      	BCF        STATUS, 0
;__Lib_Math.c,246 :: 		
0x0247	0x0DF0      	RLF        R0, 1
;__Lib_Math.c,247 :: 		
0x0248	0x0DF1      	RLF        R1, 1
;__Lib_Math.c,248 :: 		
0x0249	0x0BFC      	DECFSZ     R12, 1
;__Lib_Math.c,249 :: 		
0x024A	0x2A35      	GOTO       $-21
;__Lib_Math.c,251 :: 		
L_end_Div_16X16_U:
0x024B	0x0008      	RETURN
; end of _Div_16X16_U
_initPWM:
;AvoidoFinal.c,178 :: 		void initPWM(void){
;AvoidoFinal.c,179 :: 		T2CON = 0x07; // Turn on Timer 2 + Prescaler 1:16
0x024C	0x3007      	MOVLW      7
0x024D	0x1283      	BCF        STATUS, 5
0x024E	0x1303      	BCF        STATUS, 6
0x024F	0x0092      	MOVWF      T2CON
;AvoidoFinal.c,180 :: 		CCP2CON = 0x0C; // Two LSBs of duty cycle
0x0250	0x300C      	MOVLW      12
0x0251	0x009D      	MOVWF      CCP2CON
;AvoidoFinal.c,181 :: 		PR2 = 0xFA; // ==> 0.5x10^-6 x 250 x 16 = 2ms
0x0252	0x30FA      	MOVLW      250
0x0253	0x1683      	BSF        STATUS, 5
0x0254	0x0092      	MOVWF      PR2
;AvoidoFinal.c,182 :: 		CCPR2L = 0x7D; // 50% PWM
0x0255	0x307D      	MOVLW      125
0x0256	0x1283      	BCF        STATUS, 5
0x0257	0x009B      	MOVWF      CCPR2L
;AvoidoFinal.c,183 :: 		}
L_end_initPWM:
0x0258	0x0008      	RETURN
; end of _initPWM
_servoINIT:
;AvoidoFinal.c,201 :: 		void servoINIT(void){
;AvoidoFinal.c,202 :: 		TMR1H = 0x00;
0x0259	0x1283      	BCF        STATUS, 5
0x025A	0x1303      	BCF        STATUS, 6
0x025B	0x018F      	CLRF       TMR1H
;AvoidoFinal.c,203 :: 		TMR1L = 0x00;
0x025C	0x018E      	CLRF       TMR1L
;AvoidoFinal.c,205 :: 		HL = 1; // Start with high state
0x025D	0x3001      	MOVLW      1
0x025E	0x00A9      	MOVWF      _HL
;AvoidoFinal.c,206 :: 		CCP1CON = 0x08; // Compare mode Set output on match
0x025F	0x3008      	MOVLW      8
0x0260	0x0097      	MOVWF      CCP1CON
;AvoidoFinal.c,208 :: 		T1CON = 0x01; // Timer1 On Fosc/4 (inc 0.5µs) with no prescaler
0x0261	0x3001      	MOVLW      1
0x0262	0x0090      	MOVWF      T1CON
;AvoidoFinal.c,210 :: 		PIE1 = PIE1 | 0x04; // Enable CCP1 interrupts
0x0263	0x1683      	BSF        STATUS, 5
0x0264	0x150C      	BSF        PIE1, 2
;AvoidoFinal.c,212 :: 		CCPR1H = 2000 >> 8; // Initial compare value for high state
0x0265	0x3007      	MOVLW      7
0x0266	0x1283      	BCF        STATUS, 5
0x0267	0x0096      	MOVWF      CCPR1H
;AvoidoFinal.c,213 :: 		CCPR1L = 2000;
0x0268	0x30D0      	MOVLW      208
0x0269	0x0095      	MOVWF      CCPR1L
;AvoidoFinal.c,214 :: 		}
L_end_servoINIT:
0x026A	0x0008      	RETURN
; end of _servoINIT
___CC2DW:
;__Lib_System.c,134 :: 		
;__Lib_System.c,137 :: 		
_CC2D_Loop1:
;__Lib_System.c,139 :: 		
0x026B	0x21F4      	CALL       _____DoICP
0x026C	0x118A      	BCF        PCLATH, 3
0x026D	0x120A      	BCF        PCLATH, 4
;__Lib_System.c,141 :: 		
0x026E	0x0080      	MOVWF      INDF
;__Lib_System.c,142 :: 		
0x026F	0x0A84      	INCF       FSR, 1
;__Lib_System.c,143 :: 		
0x0270	0x0AA7      	INCF       ___DoICPAddr, 1
;__Lib_System.c,145 :: 		
0x0271	0x1903      	BTFSC      STATUS, 2
;__Lib_System.c,146 :: 		
0x0272	0x0AA8      	INCF       ___DoICPAddr+1, 1
;__Lib_System.c,147 :: 		
0x0273	0x03F0      	DECF       R0, 1
;__Lib_System.c,149 :: 		
0x0274	0x1D03      	BTFSS      STATUS, 2
;__Lib_System.c,150 :: 		
0x0275	0x2A6B      	GOTO       _CC2D_Loop1
;__Lib_System.c,152 :: 		
L_end___CC2DW:
0x0276	0x0008      	RETURN
; end of ___CC2DW
_calculate_distance:
;AvoidoFinal.c,130 :: 		unsigned int calculate_distance(char sensorNumber){
;AvoidoFinal.c,131 :: 		unsigned int time = 0, distance;
;AvoidoFinal.c,132 :: 		unsigned char triggerPin = 0, echoPin = 0; // Initialize to prevent undefined behavior
0x0277	0x1283      	BCF        STATUS, 5
0x0278	0x1303      	BCF        STATUS, 6
0x0279	0x01BA      	CLRF       calculate_distance_triggerPin_L0
0x027A	0x01BB      	CLRF       calculate_distance_echoPin_L0
;AvoidoFinal.c,135 :: 		if(sensorNumber == 0){
0x027B	0x0839      	MOVF       FARG_calculate_distance_sensorNumber, 0
0x027C	0x3A00      	XORLW      0
0x027D	0x1D03      	BTFSS      STATUS, 2
0x027E	0x2A84      	GOTO       L_calculate_distance21
;AvoidoFinal.c,136 :: 		triggerPin = 0x02;
0x027F	0x3002      	MOVLW      2
0x0280	0x00BA      	MOVWF      calculate_distance_triggerPin_L0
;AvoidoFinal.c,137 :: 		echoPin = 0x01;
0x0281	0x3001      	MOVLW      1
0x0282	0x00BB      	MOVWF      calculate_distance_echoPin_L0
;AvoidoFinal.c,138 :: 		}
0x0283	0x2A91      	GOTO       L_calculate_distance22
L_calculate_distance21:
;AvoidoFinal.c,139 :: 		else if(sensorNumber == 1){
0x0284	0x0839      	MOVF       FARG_calculate_distance_sensorNumber, 0
0x0285	0x3A01      	XORLW      1
0x0286	0x1D03      	BTFSS      STATUS, 2
0x0287	0x2A8D      	GOTO       L_calculate_distance23
;AvoidoFinal.c,140 :: 		triggerPin = 0x08;
0x0288	0x3008      	MOVLW      8
0x0289	0x00BA      	MOVWF      calculate_distance_triggerPin_L0
;AvoidoFinal.c,141 :: 		echoPin = 0x04;
0x028A	0x3004      	MOVLW      4
0x028B	0x00BB      	MOVWF      calculate_distance_echoPin_L0
;AvoidoFinal.c,142 :: 		}
0x028C	0x2A91      	GOTO       L_calculate_distance24
L_calculate_distance23:
;AvoidoFinal.c,144 :: 		triggerPin = 0x20;
0x028D	0x3020      	MOVLW      32
0x028E	0x00BA      	MOVWF      calculate_distance_triggerPin_L0
;AvoidoFinal.c,145 :: 		echoPin = 0x10;
0x028F	0x3010      	MOVLW      16
0x0290	0x00BB      	MOVWF      calculate_distance_echoPin_L0
;AvoidoFinal.c,146 :: 		}
L_calculate_distance24:
L_calculate_distance22:
;AvoidoFinal.c,149 :: 		PORTD = PORTD | triggerPin; // Set trigger pin HIGH
0x0291	0x083A      	MOVF       calculate_distance_triggerPin_L0, 0
0x0292	0x0488      	IORWF      PORTD, 1
;AvoidoFinal.c,150 :: 		delay10us();        // Wait for 10 microseconds
0x0293	0x2131      	CALL       _delay10us
;AvoidoFinal.c,151 :: 		PORTD = PORTD & ~triggerPin; // Set trigger pin LOW
0x0294	0x093A      	COMF       calculate_distance_triggerPin_L0, 0
0x0295	0x00F0      	MOVWF      R0
0x0296	0x0870      	MOVF       R0, 0
0x0297	0x0588      	ANDWF      PORTD, 1
;AvoidoFinal.c,154 :: 		while (!(PORTD & echoPin)); // Wait until echo pin goes HIGH
L_calculate_distance25:
0x0298	0x083B      	MOVF       calculate_distance_echoPin_L0, 0
0x0299	0x0508      	ANDWF      PORTD, 0
0x029A	0x00F0      	MOVWF      R0
0x029B	0x1D03      	BTFSS      STATUS, 2
0x029C	0x2A9E      	GOTO       L_calculate_distance26
0x029D	0x2A98      	GOTO       L_calculate_distance25
L_calculate_distance26:
;AvoidoFinal.c,157 :: 		TMR1H = 0;
0x029E	0x018F      	CLRF       TMR1H
;AvoidoFinal.c,158 :: 		TMR1L = 0;
0x029F	0x018E      	CLRF       TMR1L
;AvoidoFinal.c,161 :: 		T1CON = 0x01;
0x02A0	0x3001      	MOVLW      1
0x02A1	0x0090      	MOVWF      T1CON
;AvoidoFinal.c,164 :: 		while (PORTD & echoPin); // Wait until echo pin goes LOW
L_calculate_distance27:
0x02A2	0x083B      	MOVF       calculate_distance_echoPin_L0, 0
0x02A3	0x0508      	ANDWF      PORTD, 0
0x02A4	0x00F0      	MOVWF      R0
0x02A5	0x1903      	BTFSC      STATUS, 2
0x02A6	0x2AA8      	GOTO       L_calculate_distance28
0x02A7	0x2AA2      	GOTO       L_calculate_distance27
L_calculate_distance28:
;AvoidoFinal.c,167 :: 		T1CON = 0x00;
0x02A8	0x0190      	CLRF       T1CON
;AvoidoFinal.c,170 :: 		time = (TMR1H << 8) | TMR1L;
0x02A9	0x080F      	MOVF       TMR1H, 0
0x02AA	0x00F1      	MOVWF      R0+1
0x02AB	0x01F0      	CLRF       R0
0x02AC	0x080E      	MOVF       TMR1L, 0
0x02AD	0x04F0      	IORWF      R0, 1
0x02AE	0x3000      	MOVLW      0
0x02AF	0x04F1      	IORWF      R0+1, 1
;AvoidoFinal.c,173 :: 		distance = time / 58.82; // Distance in cm
0x02B0	0x21FB      	CALL       _word2double
0x02B1	0x30AE      	MOVLW      174
0x02B2	0x00F4      	MOVWF      R4
0x02B3	0x3047      	MOVLW      71
0x02B4	0x00F5      	MOVWF      R4+1
0x02B5	0x306B      	MOVLW      107
0x02B6	0x00F6      	MOVWF      R4+2
0x02B7	0x3084      	MOVLW      132
0x02B8	0x00F7      	MOVWF      R4+3
0x02B9	0x213D      	CALL       _Div_32x32_FP
0x02BA	0x20D2      	CALL       _double2word
;AvoidoFinal.c,175 :: 		return distance; // Return Distance
;AvoidoFinal.c,176 :: 		}
L_end_calculate_distance:
0x02BB	0x0008      	RETURN
; end of _calculate_distance
_ADCinit:
;AvoidoFinal.c,116 :: 		void ADCinit(void){
;AvoidoFinal.c,117 :: 		ADCON0 = 0x41;  // ATD ON, Don't GO, Channel 0, Fosc/16
0x02BC	0x3041      	MOVLW      65
0x02BD	0x1283      	BCF        STATUS, 5
0x02BE	0x1303      	BCF        STATUS, 6
0x02BF	0x009F      	MOVWF      ADCON0
;AvoidoFinal.c,118 :: 		ADCON1 = 0xCE;  // All channels are Digital except RA0/AN0 is Analog, 500 KHz, right justified
0x02C0	0x30CE      	MOVLW      206
0x02C1	0x1683      	BSF        STATUS, 5
0x02C2	0x009F      	MOVWF      ADCON1
;AvoidoFinal.c,119 :: 		}
L_end_ADCinit:
0x02C3	0x0008      	RETURN
; end of _ADCinit
_mydelay_ms:
;AvoidoFinal.c,216 :: 		void mydelay_ms(unsigned int ms) {
;AvoidoFinal.c,217 :: 		delayms = ms; // 1 overflow = 1 ms
0x02C4	0x1283      	BCF        STATUS, 5
0x02C5	0x1303      	BCF        STATUS, 6
0x02C6	0x083C      	MOVF       FARG_mydelay_ms_ms, 0
0x02C7	0x00B4      	MOVWF      _delayms
0x02C8	0x083D      	MOVF       FARG_mydelay_ms_ms+1, 0
0x02C9	0x00B5      	MOVWF      _delayms+1
;AvoidoFinal.c,218 :: 		Counter = 0;                 // Reset overflow counter
0x02CA	0x01AA      	CLRF       _Counter
0x02CB	0x01AB      	CLRF       _Counter+1
;AvoidoFinal.c,219 :: 		while (Counter < delayms);
L_mydelay_ms29:
0x02CC	0x0835      	MOVF       _delayms+1, 0
0x02CD	0x022B      	SUBWF      _Counter+1, 0
0x02CE	0x1D03      	BTFSS      STATUS, 2
0x02CF	0x2AD2      	GOTO       L__mydelay_ms50
0x02D0	0x0834      	MOVF       _delayms, 0
0x02D1	0x022A      	SUBWF      _Counter, 0
L__mydelay_ms50:
0x02D2	0x1803      	BTFSC      STATUS, 0
0x02D3	0x2AD5      	GOTO       L_mydelay_ms30
0x02D4	0x2ACC      	GOTO       L_mydelay_ms29
L_mydelay_ms30:
;AvoidoFinal.c,220 :: 		}
L_end_mydelay_ms:
0x02D5	0x0008      	RETURN
; end of _mydelay_ms
_main:
0x02D6	0x3001      	MOVLW      1
0x02D7	0x1283      	BCF        STATUS, 5
0x02D8	0x1303      	BCF        STATUS, 6
0x02D9	0x00A6      	MOVWF      _previousState
;AvoidoFinal.c,70 :: 		void main(void){
;AvoidoFinal.c,71 :: 		TRISA = 0x01; // A0 only analog input, everything else is a digital output
0x02DA	0x3001      	MOVLW      1
0x02DB	0x1683      	BSF        STATUS, 5
0x02DC	0x0085      	MOVWF      TRISA
;AvoidoFinal.c,72 :: 		TRISB = 0x01; // RB0 input for interrupt
0x02DD	0x3001      	MOVLW      1
0x02DE	0x0086      	MOVWF      TRISB
;AvoidoFinal.c,73 :: 		TRISC = 0x00; // Port C all outputs, RC1 --> PWM for H-Bridge, RC2 --> Compare for Servo Motor
0x02DF	0x0187      	CLRF       TRISC
;AvoidoFinal.c,74 :: 		TRISD = 0x15; // D0 --> D5 for ultrasonic sensor
0x02E0	0x3015      	MOVLW      21
0x02E1	0x0088      	MOVWF      TRISD
;AvoidoFinal.c,75 :: 		TRISE = 0x00; // Unimplemented
0x02E2	0x0189      	CLRF       TRISE
;AvoidoFinal.c,77 :: 		PORTA = PORTA | 0x02;
0x02E3	0x1283      	BCF        STATUS, 5
0x02E4	0x1485      	BSF        PORTA, 1
;AvoidoFinal.c,78 :: 		PORTA = PORTA & 0xFB;
0x02E5	0x30FB      	MOVLW      251
0x02E6	0x0585      	ANDWF      PORTA, 1
;AvoidoFinal.c,80 :: 		OPTION_REG = 0x80;
0x02E7	0x3080      	MOVLW      128
0x02E8	0x1683      	BSF        STATUS, 5
0x02E9	0x0081      	MOVWF      OPTION_REG
;AvoidoFinal.c,81 :: 		INTCON = 0xF0;
0x02EA	0x30F0      	MOVLW      240
0x02EB	0x008B      	MOVWF      INTCON
;AvoidoFinal.c,84 :: 		ADCinit();
0x02EC	0x22BC      	CALL       _ADCinit
;AvoidoFinal.c,85 :: 		initPWM();
0x02ED	0x224C      	CALL       _initPWM
;AvoidoFinal.c,86 :: 		servoINIT();
0x02EE	0x2259      	CALL       _servoINIT
;AvoidoFinal.c,88 :: 		while(1){
L_main9:
;AvoidoFinal.c,90 :: 		middleSensor = calculate_distance(0)/10;
0x02EF	0x01B9      	CLRF       FARG_calculate_distance_sensorNumber
0x02F0	0x2277      	CALL       _calculate_distance
0x02F1	0x300A      	MOVLW      10
0x02F2	0x00F4      	MOVWF      R4
0x02F3	0x3000      	MOVLW      0
0x02F4	0x00F5      	MOVWF      R4+1
0x02F5	0x222F      	CALL       _Div_16X16_U
0x02F6	0x0870      	MOVF       R0, 0
0x02F7	0x00B0      	MOVWF      _middleSensor
0x02F8	0x0871      	MOVF       R0+1, 0
0x02F9	0x00B1      	MOVWF      _middleSensor+1
;AvoidoFinal.c,91 :: 		rightSensor = calculate_distance(1)/10;
0x02FA	0x3001      	MOVLW      1
0x02FB	0x00B9      	MOVWF      FARG_calculate_distance_sensorNumber
0x02FC	0x2277      	CALL       _calculate_distance
0x02FD	0x300A      	MOVLW      10
0x02FE	0x00F4      	MOVWF      R4
0x02FF	0x3000      	MOVLW      0
0x0300	0x00F5      	MOVWF      R4+1
0x0301	0x222F      	CALL       _Div_16X16_U
0x0302	0x0870      	MOVF       R0, 0
0x0303	0x00AE      	MOVWF      _rightSensor
0x0304	0x0871      	MOVF       R0+1, 0
0x0305	0x00AF      	MOVWF      _rightSensor+1
;AvoidoFinal.c,92 :: 		leftSensor = calculate_distance(2)/10;
0x0306	0x3002      	MOVLW      2
0x0307	0x00B9      	MOVWF      FARG_calculate_distance_sensorNumber
0x0308	0x2277      	CALL       _calculate_distance
0x0309	0x300A      	MOVLW      10
0x030A	0x00F4      	MOVWF      R4
0x030B	0x3000      	MOVLW      0
0x030C	0x00F5      	MOVWF      R4+1
0x030D	0x222F      	CALL       _Div_16X16_U
0x030E	0x0870      	MOVF       R0, 0
0x030F	0x00AC      	MOVWF      _leftSensor
0x0310	0x0871      	MOVF       R0+1, 0
0x0311	0x00AD      	MOVWF      _leftSensor+1
;AvoidoFinal.c,95 :: 		if(middleSensor >= 2) {goForward();}
0x0312	0x3000      	MOVLW      0
0x0313	0x0231      	SUBWF      _middleSensor+1, 0
0x0314	0x1D03      	BTFSS      STATUS, 2
0x0315	0x2B18      	GOTO       L__main37
0x0316	0x3002      	MOVLW      2
0x0317	0x0230      	SUBWF      _middleSensor, 0
L__main37:
0x0318	0x1C03      	BTFSS      STATUS, 0
0x0319	0x2B1C      	GOTO       L_main11
0x031A	0x222A      	CALL       _goForward
0x031B	0x2B31      	GOTO       L_main12
L_main11:
;AvoidoFinal.c,96 :: 		else if(rightSensor >= 2) {goRight();}
0x031C	0x3000      	MOVLW      0
0x031D	0x022F      	SUBWF      _rightSensor+1, 0
0x031E	0x1D03      	BTFSS      STATUS, 2
0x031F	0x2B22      	GOTO       L__main38
0x0320	0x3002      	MOVLW      2
0x0321	0x022E      	SUBWF      _rightSensor, 0
L__main38:
0x0322	0x1C03      	BTFSS      STATUS, 0
0x0323	0x2B26      	GOTO       L_main13
0x0324	0x2211      	CALL       _goRight
0x0325	0x2B31      	GOTO       L_main14
L_main13:
;AvoidoFinal.c,97 :: 		else if(leftSensor >= 2) {goLeft();}
0x0326	0x3000      	MOVLW      0
0x0327	0x022D      	SUBWF      _leftSensor+1, 0
0x0328	0x1D03      	BTFSS      STATUS, 2
0x0329	0x2B2C      	GOTO       L__main39
0x032A	0x3002      	MOVLW      2
0x032B	0x022C      	SUBWF      _leftSensor, 0
L__main39:
0x032C	0x1C03      	BTFSS      STATUS, 0
0x032D	0x2B30      	GOTO       L_main15
0x032E	0x2216      	CALL       _goLeft
0x032F	0x2B31      	GOTO       L_main16
L_main15:
;AvoidoFinal.c,98 :: 		else{goRight();}    // Keep turing right (counter clockwise in position) until front is clear
0x0330	0x2211      	CALL       _goRight
L_main16:
L_main14:
L_main12:
;AvoidoFinal.c,102 :: 		lightIntensity = ADCread();
0x0331	0x221B      	CALL       _ADCread
0x0332	0x0870      	MOVF       R0, 0
0x0333	0x1283      	BCF        STATUS, 5
0x0334	0x00B2      	MOVWF      _lightIntensity
0x0335	0x0871      	MOVF       R0+1, 0
0x0336	0x00B3      	MOVWF      _lightIntensity+1
;AvoidoFinal.c,103 :: 		if(lightIntensity > 818){  // 1KOhm, ~4.0V  && previousState
0x0337	0x0871      	MOVF       R0+1, 0
0x0338	0x3C03      	SUBLW      3
0x0339	0x1D03      	BTFSS      STATUS, 2
0x033A	0x2B3D      	GOTO       L__main40
0x033B	0x0870      	MOVF       R0, 0
0x033C	0x3C32      	SUBLW      50
L__main40:
0x033D	0x1803      	BTFSC      STATUS, 0
0x033E	0x2B45      	GOTO       L_main17
;AvoidoFinal.c,104 :: 		previousState = 0;
0x033F	0x01A6      	CLRF       _previousState
;AvoidoFinal.c,105 :: 		PORTA = PORTA & 0x01;   // Turn on LEDs ==> 0
0x0340	0x3001      	MOVLW      1
0x0341	0x0585      	ANDWF      PORTA, 1
;AvoidoFinal.c,106 :: 		angle = 1000; // Set angle to 0 degrees
0x0342	0x30E8      	MOVLW      232
0x0343	0x00B6      	MOVWF      _angle
;AvoidoFinal.c,107 :: 		}
0x0344	0x2B4A      	GOTO       L_main18
L_main17:
;AvoidoFinal.c,109 :: 		previousState = 1;
0x0345	0x3001      	MOVLW      1
0x0346	0x00A6      	MOVWF      _previousState
;AvoidoFinal.c,110 :: 		PORTA = PORTA | 0x02;   // Turn off LEDs ==> 1
0x0347	0x1485      	BSF        PORTA, 1
;AvoidoFinal.c,111 :: 		angle = 3100; // Set angle to 0 degrees
0x0348	0x301C      	MOVLW      28
0x0349	0x00B6      	MOVWF      _angle
;AvoidoFinal.c,112 :: 		}
L_main18:
;AvoidoFinal.c,113 :: 		}
0x034A	0x2AEF      	GOTO       L_main9
;AvoidoFinal.c,114 :: 		}
L_end_main:
0x034B	0x2B4B      	GOTO       $+0
; end of _main
Symbol List:
//** Routines locations **
//ADDRESS    SIZE    PROCEDURE
//----------------------------------------------
0x0004     [108]    _interrupt
0x0070       [7]    _RES032
0x0077      [12]    _SETFUN32
0x0083       [4]    _FIXSIGN32
0x0087      [47]    _NRM3232
0x00B6      [13]    _SETIOV3224
0x00C3      [12]    _SETFOV32
0x00CF       [3]    _SETFDZ32
0x00D2      [95]    _double2word
0x0131      [12]    _delay10us
0x013D     [183]    _Div_32x32_FP
0x01F4       [7]    _____DoICP
0x01FB      [22]    _word2double
0x0211       [5]    _goRight
0x0216       [5]    _goLeft
0x021B      [15]    _ADCread
0x022A       [5]    _goForward
0x022F      [29]    _Div_16X16_U
0x024C      [13]    _initPWM
0x0259      [18]    _servoINIT
0x026B      [12]    ___CC2DW
0x0277      [69]    _calculate_distance
0x02BC       [8]    _ADCinit
0x02C4      [18]    _mydelay_ms
0x02D6     [118]    _main
//** Variables locations ** 
//ADDRESS    SIZE    VARIABLE
//----------------------------------------------
0x0000       [1]    INDF
0x0001       [1]    TMR0
0x0002       [1]    PCL
0x0003       [1]    STATUS
0x0004       [1]    FSR
0x0005       [1]    PORTA
0x0006       [1]    PORTB
0x0007       [1]    PORTC
0x0008       [1]    PORTD
0x000A       [1]    PCLATH
0x000B       [1]    INTCON
0x000C       [1]    PIR1
0x000E       [1]    TMR1L
0x000F       [1]    TMR1H
0x0010       [1]    T1CON
0x0012       [1]    T2CON
0x0015       [1]    CCPR1L
0x0016       [1]    CCPR1H
0x0017       [1]    CCP1CON
0x001B       [1]    CCPR2L
0x001D       [1]    CCP2CON
0x001E       [1]    ADRESH
0x001F       [1]    ADCON0
0x0020       [1]    __math_tempbD
0x0026       [1]    _previousState
0x0027       [2]    ___DoICPAddr
0x0029       [1]    _HL
0x002A       [2]    _Counter
0x002C       [2]    _leftSensor
0x002E       [2]    _rightSensor
0x0030       [2]    _middleSensor
0x0032       [2]    _lightIntensity
0x0034       [2]    _delayms
0x0036       [1]    _angle
0x0037       [1]    ___savePCLATH
0x0038       [1]    ___saveSTATUS
0x0039       [1]    FARG_calculate_distance_sensorNumber
0x003A       [1]    calculate_distance_triggerPin_L0
0x003B       [1]    calculate_distance_echoPin_L0
0x003C       [2]    FARG_mydelay_ms_ms
0x0070       [1]    R0
0x0071       [1]    R1
0x0072       [1]    R2
0x0073       [1]    R3
0x0074       [1]    R4
0x0075       [1]    R5
0x0076       [1]    R6
0x0077       [1]    R7
0x0078       [1]    R8
0x0079       [1]    R9
0x007A       [1]    R10
0x007B       [1]    R11
0x007C       [1]    R12
0x007D       [1]    R13
0x007E       [1]    R14
0x007F       [1]    R15
0x0081       [1]    OPTION_REG
0x0085       [1]    TRISA
0x0086       [1]    TRISB
0x0087       [1]    TRISC
0x0088       [1]    TRISD
0x0089       [1]    TRISE
0x008C       [1]    PIE1
0x0092       [1]    PR2
0x009E       [1]    ADRESL
0x009F       [1]    ADCON1
